<?xml version="1.0" encoding="UTF-8"?>
<!-- Generated by org.testng.reporters.JUnitReportReporter -->
<testsuite hostname="asus-pro" failures="0" tests="1" name="tests.RemoveInCartTest" time="0.000" errors="0" timestamp="2025-05-20T15:20:34 WAT" skipped="1">
  <testcase classname="tests.RemoveInCartTest" name="removeinCart" time="0.000">
    <skipped/>
  </testcase> <!-- removeinCart -->
</testsuite> <!-- tests.RemoveInCartTest -->
