<?xml version="1.0" encoding="UTF-8"?>
<!-- Generated by org.testng.reporters.JUnitReportReporter -->
<testsuite hostname="asus-pro" failures="0" tests="1" name="tests.AddItemToCartTest" time="0.308" errors="0" timestamp="2025-05-20T15:24:13 WAT" skipped="0">
  <testcase classname="tests.AddItemToCartTest" name="addItemToCartTest" time="0.308"/>
</testsuite> <!-- tests.AddItemToCartTest -->
